Build started 6/1/2014 10:23:40 PM.
     1>Project "C:\Users\Yuliya\Documents\CPE476\Engine\Engine\Engine.vcxproj" on node 2 (Build target(s)).
     1>ClCompile:
         C:\Program Files (x86)\Microsoft Visual Studio 12.0\VC\bin\CL.exe /c /ZI /nologo /W3 /WX- /Od /Oy- /D WIN32 /D _DEBUG /D _WINDOWS /D _UNICODE /D UNICODE /Gm /EHsc /RTC1 /MDd /GS /fp:precise /Zc:wchar_t /Zc:forScope /Fo"Debug\\" /Fd"Debug\vc120.pdb" /Gd /TP /analyze- /errorReport:prompt bitmapclass.cpp cameraclass.cpp d3dclass.cpp graphicsclass.cpp inputclass.cpp main.cpp systemclass.cpp textureclass.cpp textureshaderclass.cpp
         textureshaderclass.cpp
     1>c:\users\yuliya\documents\cpe476\engine\engine\textureshaderclass.h(12): fatal error C1083: Cannot open include file: 'd3dx10math.h': No such file or directory
         textureclass.cpp
     1>c:\users\yuliya\documents\cpe476\engine\engine\textureclass.h(12): fatal error C1083: Cannot open include file: 'd3dx11tex.h': No such file or directory
         systemclass.cpp
     1>c:\users\yuliya\documents\cpe476\engine\engine\d3dclass.h(23): fatal error C1083: Cannot open include file: 'd3dx10math.h': No such file or directory
         main.cpp
     1>c:\users\yuliya\documents\cpe476\engine\engine\d3dclass.h(23): fatal error C1083: Cannot open include file: 'd3dx10math.h': No such file or directory
         inputclass.cpp
         graphicsclass.cpp
     1>c:\users\yuliya\documents\cpe476\engine\engine\d3dclass.h(23): fatal error C1083: Cannot open include file: 'd3dx10math.h': No such file or directory
         d3dclass.cpp
     1>c:\users\yuliya\documents\cpe476\engine\engine\d3dclass.h(23): fatal error C1083: Cannot open include file: 'd3dx10math.h': No such file or directory
         cameraclass.cpp
     1>c:\users\yuliya\documents\cpe476\engine\engine\cameraclass.h(11): fatal error C1083: Cannot open include file: 'd3dx10math.h': No such file or directory
         bitmapclass.cpp
     1>c:\users\yuliya\documents\cpe476\engine\engine\bitmapclass.h(12): fatal error C1083: Cannot open include file: 'd3dx10math.h': No such file or directory
         Generating Code...
     1>Done Building Project "C:\Users\Yuliya\Documents\CPE476\Engine\Engine\Engine.vcxproj" (Build target(s)) -- FAILED.

Build FAILED.

Time Elapsed 00:00:11.48
